# JRE version: OpenJDK Runtime Environment (8.0_76-b03) (build 1.8.0_76-release-b03)
# Java VM: OpenJDK 64-Bit Server VM (25.76-b03 mixed mode windows-amd64 compressed oops)
Heap:
 PSYoungGen      total 416256K, used 75690K [0x00000000e0000000, 0x00000000ffe00000, 0x0000000100000000)
  eden space 321536K, 23% used [0x00000000e0000000,0x00000000e49eaab0,0x00000000f3a00000)
  from space 94720K, 0% used [0x00000000f3a00000,0x00000000f3a00000,0x00000000f9680000)
  to   space 95744K, 0% used [0x00000000fa080000,0x00000000fa080000,0x00000000ffe00000)
 ParOldGen       total 297984K, used 51227K [0x00000000a0000000, 0x00000000b2300000, 0x00000000e0000000)
  object space 297984K, 17% used [0x00000000a0000000,0x00000000a3206ee8,0x00000000b2300000)
 Metaspace       used 82992K, capacity 86558K, committed 86912K, reserved 1124352K
  class space    used 10674K, capacity 11218K, committed 11392K, reserved 1048576K
GC Heap History (10 events):
Event: 4882.494 GC heap before
{Heap before GC invocations=126 (full 14):
 PSYoungGen      total 395264K, used 324635K [0x00000000e0000000, 0x00000000fef80000, 0x0000000100000000)
  eden space 285184K, 100% used [0x00000000e0000000,0x00000000f1680000,0x00000000f1680000)
  from space 110080K, 35% used [0x00000000f1680000,0x00000000f3d06df0,0x00000000f8200000)
  to   space 103936K, 0% used [0x00000000f8a00000,0x00000000f8a00000,0x00000000fef80000)
 ParOldGen       total 297984K, used 116755K [0x00000000a0000000, 0x00000000b2300000, 0x00000000e0000000)
  object space 297984K, 39% used [0x00000000a0000000,0x00000000a7204c80,0x00000000b2300000)
 Metaspace       used 82972K, capacity 86514K, committed 86656K, reserved 1124352K
  class space    used 10677K, capacity 11250K, committed 11392K, reserved 1048576K
Event: 4882.648 GC heap after
Heap after GC invocations=126 (full 14):
 PSYoungGen      total 408576K, used 44642K [0x00000000e0000000, 0x00000000ff000000, 0x0000000100000000)
  eden space 304640K, 0% used [0x00000000e0000000,0x00000000e0000000,0x00000000f2980000)
  from space 103936K, 42% used [0x00000000f8a00000,0x00000000fb598838,0x00000000fef80000)
  to   space 98816K, 0% used [0x00000000f2980000,0x00000000f2980000,0x00000000f8a00000)
 ParOldGen       total 297984K, used 150239K [0x00000000a0000000, 0x00000000b2300000, 0x00000000e0000000)
  object space 297984K, 50% used [0x00000000a0000000,0x00000000a92b7d98,0x00000000b2300000)
 Metaspace       used 82972K, capacity 86514K, committed 86656K, reserved 1124352K
  class space    used 10677K, capacity 11250K, committed 11392K, reserved 1048576K
}
Event: 4883.599 GC heap before
{Heap before GC invocations=127 (full 14):
 PSYoungGen      total 408576K, used 349282K [0x00000000e0000000, 0x00000000ff000000, 0x0000000100000000)
  eden space 304640K, 100% used [0x00000000e0000000,0x00000000f2980000,0x00000000f2980000)
  from space 103936K, 42% used [0x00000000f8a00000,0x00000000fb598838,0x00000000fef80000)
  to   space 98816K, 0% used [0x00000000f2980000,0x00000000f2980000,0x00000000f8a00000)
 ParOldGen       total 297984K, used 150239K [0x00000000a0000000, 0x00000000b2300000, 0x00000000e0000000)
  object space 297984K, 50% used [0x00000000a0000000,0x00000000a92b7d98,0x00000000b2300000)
 Metaspace       used 82980K, capacity 86514K, committed 86656K, reserved 1124352K
  class space    used 10677K, capacity 11250K, committed 11392K, reserved 1048576K
Event: 4883.651 GC heap after
Heap after GC invocations=127 (full 14):
 PSYoungGen      total 403456K, used 31895K [0x00000000e0000000, 0x00000000ff300000, 0x0000000100000000)
  eden space 304640K, 0% used [0x00000000e0000000,0x00000000e0000000,0x00000000f2980000)
  from space 98816K, 32% used [0x00000000f2980000,0x00000000f48a5e28,0x00000000f8a00000)
  to   space 94720K, 0% used [0x00000000f9680000,0x00000000f9680000,0x00000000ff300000)
 ParOldGen       total 297984K, used 165427K [0x00000000a0000000, 0x00000000b2300000, 0x00000000e0000000)
  object space 297984K, 55% used [0x00000000a0000000,0x00000000aa18cc90,0x00000000b2300000)
 Metaspace       used 82980K, capacity 86514K, committed 86656K, reserved 1124352K
  class space    used 10677K, capacity 11250K, committed 11392K, reserved 1048576K
}
Event: 4885.334 GC heap before
{Heap before GC invocations=128 (full 14):
 PSYoungGen      total 403456K, used 336115K [0x00000000e0000000, 0x00000000ff300000, 0x0000000100000000)
  eden space 304640K, 99% used [0x00000000e0000000,0x00000000f2916f90,0x00000000f2980000)
  from space 98816K, 32% used [0x00000000f2980000,0x00000000f48a5e28,0x00000000f8a00000)
  to   space 94720K, 0% used [0x00000000f9680000,0x00000000f9680000,0x00000000ff300000)
 ParOldGen       total 297984K, used 165427K [0x00000000a0000000, 0x00000000b2300000, 0x00000000e0000000)
  object space 297984K, 55% used [0x00000000a0000000,0x00000000aa18cc90,0x00000000b2300000)
 Metaspace       used 82993K, capacity 86514K, committed 86656K, reserved 1124352K
  class space    used 10677K, capacity 11250K, committed 11392K, reserved 1048576K
Event: 4885.361 GC heap after
Heap after GC invocations=128 (full 14):
 PSYoungGen      total 416256K, used 10194K [0x00000000e0000000, 0x00000000ffc00000, 0x0000000100000000)
  eden space 321536K, 0% used [0x00000000e0000000,0x00000000e0000000,0x00000000f3a00000)
  from space 94720K, 10% used [0x00000000f9680000,0x00000000fa074a20,0x00000000ff300000)
  to   space 94720K, 0% used [0x00000000f3a00000,0x00000000f3a00000,0x00000000f9680000)
 ParOldGen       total 297984K, used 180132K [0x00000000a0000000, 0x00000000b2300000, 0x00000000e0000000)
  object space 297984K, 60% used [0x00000000a0000000,0x00000000aafe93b0,0x00000000b2300000)
 Metaspace       used 82993K, capacity 86514K, committed 86656K, reserved 1124352K
  class space    used 10677K, capacity 11250K, committed 11392K, reserved 1048576K
}
Event: 4885.855 GC heap before
{Heap before GC invocations=129 (full 14):
 PSYoungGen      total 416256K, used 182139K [0x00000000e0000000, 0x00000000ffc00000, 0x0000000100000000)
  eden space 321536K, 53% used [0x00000000e0000000,0x00000000ea7ea5a8,0x00000000f3a00000)
  from space 94720K, 10% used [0x00000000f9680000,0x00000000fa074a20,0x00000000ff300000)
  to   space 94720K, 0% used [0x00000000f3a00000,0x00000000f3a00000,0x00000000f9680000)
 ParOldGen       total 297984K, used 180132K [0x00000000a0000000, 0x00000000b2300000, 0x00000000e0000000)
  object space 297984K, 60% used [0x00000000a0000000,0x00000000aafe93b0,0x00000000b2300000)
 Metaspace       used 82995K, capacity 86514K, committed 86656K, reserved 1124352K
  class space    used 10677K, capacity 11250K, committed 11392K, reserved 1048576K
Event: 4885.859 GC heap after
Heap after GC invocations=129 (full 14):
 PSYoungGen      total 416256K, used 128K [0x00000000e0000000, 0x00000000ffe00000, 0x0000000100000000)
  eden space 321536K, 0% used [0x00000000e0000000,0x00000000e0000000,0x00000000f3a00000)
  from space 94720K, 0% used [0x00000000f3a00000,0x00000000f3a20000,0x00000000f9680000)
  to   space 95744K, 0% used [0x00000000fa080000,0x00000000fa080000,0x00000000ffe00000)
 ParOldGen       total 297984K, used 180172K [0x00000000a0000000, 0x00000000b2300000, 0x00000000e0000000)
  object space 297984K, 60% used [0x00000000a0000000,0x00000000aaff33b0,0x00000000b2300000)
 Metaspace       used 82995K, capacity 86514K, committed 86656K, reserved 1124352K
  class space    used 10677K, capacity 11250K, committed 11392K, reserved 1048576K
}
Event: 4885.859 GC heap before
{Heap before GC invocations=130 (full 15):
 PSYoungGen      total 416256K, used 128K [0x00000000e0000000, 0x00000000ffe00000, 0x0000000100000000)
  eden space 321536K, 0% used [0x00000000e0000000,0x00000000e0000000,0x00000000f3a00000)
  from space 94720K, 0% used [0x00000000f3a00000,0x00000000f3a20000,0x00000000f9680000)
  to   space 95744K, 0% used [0x00000000fa080000,0x00000000fa080000,0x00000000ffe00000)
 ParOldGen       total 297984K, used 180172K [0x00000000a0000000, 0x00000000b2300000, 0x00000000e0000000)
  object space 297984K, 60% used [0x00000000a0000000,0x00000000aaff33b0,0x00000000b2300000)
 Metaspace       used 82995K, capacity 86514K, committed 86656K, reserved 1124352K
  class space    used 10677K, capacity 11250K, committed 11392K, reserved 1048576K
Event: 4886.235 GC heap after
Heap after GC invocations=130 (full 15):
 PSYoungGen      total 416256K, used 0K [0x00000000e0000000, 0x00000000ffe00000, 0x0000000100000000)
  eden space 321536K, 0% used [0x00000000e0000000,0x00000000e0000000,0x00000000f3a00000)
  from space 94720K, 0% used [0x00000000f3a00000,0x00000000f3a00000,0x00000000f9680000)
  to   space 95744K, 0% used [0x00000000fa080000,0x00000000fa080000,0x00000000ffe00000)
 ParOldGen       total 297984K, used 51227K [0x00000000a0000000, 0x00000000b2300000, 0x00000000e0000000)
  object space 297984K, 17% used [0x00000000a0000000,0x00000000a3206ee8,0x00000000b2300000)
 Metaspace       used 82924K, capacity 86406K, committed 86656K, reserved 1124352K
  class space    used 10667K, capacity 11210K, committed 11392K, reserved 1048576K
}

