# JRE version: OpenJDK Runtime Environment (8.0_76-b03) (build 1.8.0_76-release-b03)
# Java VM: OpenJDK 64-Bit Server VM (25.76-b03 mixed mode windows-amd64 compressed oops)
Heap:
 PSYoungGen      total 427008K, used 269987K [0x00000000e0000000, 0x00000000fe680000, 0x0000000100000000)
  eden space 361984K, 70% used [0x00000000e0000000,0x00000000efa1b410,0x00000000f6180000)
  from space 65024K, 21% used [0x00000000f6180000,0x00000000f6f0dbe0,0x00000000fa100000)
  to   space 60928K, 0% used [0x00000000fa100000,0x00000000fa100000,0x00000000fdc80000)
 ParOldGen       total 219648K, used 91341K [0x00000000a0000000, 0x00000000ad680000, 0x00000000e0000000)
  object space 219648K, 41% used [0x00000000a0000000,0x00000000a5933568,0x00000000ad680000)
 Metaspace       used 72364K, capacity 74314K, committed 74752K, reserved 1114112K
  class space    used 9170K, capacity 9601K, committed 9728K, reserved 1048576K
GC Heap History (10 events):
Event: 77.029 GC heap before
{Heap before GC invocations=45 (full 6):
 PSYoungGen      total 363008K, used 352596K [0x00000000e0000000, 0x00000000f9e80000, 0x0000000100000000)
  eden space 313856K, 100% used [0x00000000e0000000,0x00000000f3280000,0x00000000f3280000)
  from space 49152K, 78% used [0x00000000f6e80000,0x00000000f9455280,0x00000000f9e80000)
  to   space 55296K, 0% used [0x00000000f3280000,0x00000000f3280000,0x00000000f6880000)
 ParOldGen       total 199680K, used 100730K [0x00000000a0000000, 0x00000000ac300000, 0x00000000e0000000)
  object space 199680K, 50% used [0x00000000a0000000,0x00000000a625e960,0x00000000ac300000)
 Metaspace       used 70811K, capacity 72674K, committed 72960K, reserved 1112064K
  class space    used 8977K, capacity 9399K, committed 9472K, reserved 1048576K
Event: 77.144 GC heap after
Heap after GC invocations=45 (full 6):
 PSYoungGen      total 369152K, used 46437K [0x00000000e0000000, 0x00000000fdc80000, 0x0000000100000000)
  eden space 313856K, 0% used [0x00000000e0000000,0x00000000e0000000,0x00000000f3280000)
  from space 55296K, 83% used [0x00000000f3280000,0x00000000f5fd9720,0x00000000f6880000)
  to   space 60928K, 0% used [0x00000000fa100000,0x00000000fa100000,0x00000000fdc80000)
 ParOldGen       total 199680K, used 123208K [0x00000000a0000000, 0x00000000ac300000, 0x00000000e0000000)
  object space 199680K, 61% used [0x00000000a0000000,0x00000000a7852238,0x00000000ac300000)
 Metaspace       used 70811K, capacity 72674K, committed 72960K, reserved 1112064K
  class space    used 8977K, capacity 9399K, committed 9472K, reserved 1048576K
}
Event: 78.240 GC heap before
{Heap before GC invocations=46 (full 6):
 PSYoungGen      total 369152K, used 360293K [0x00000000e0000000, 0x00000000fdc80000, 0x0000000100000000)
  eden space 313856K, 100% used [0x00000000e0000000,0x00000000f3280000,0x00000000f3280000)
  from space 55296K, 83% used [0x00000000f3280000,0x00000000f5fd9720,0x00000000f6880000)
  to   space 60928K, 0% used [0x00000000fa100000,0x00000000fa100000,0x00000000fdc80000)
 ParOldGen       total 199680K, used 123208K [0x00000000a0000000, 0x00000000ac300000, 0x00000000e0000000)
  object space 199680K, 61% used [0x00000000a0000000,0x00000000a7852238,0x00000000ac300000)
 Metaspace       used 70819K, capacity 72674K, committed 72960K, reserved 1112064K
  class space    used 8977K, capacity 9399K, committed 9472K, reserved 1048576K
Event: 78.374 GC heap after
Heap after GC invocations=46 (full 6):
 PSYoungGen      total 422912K, used 44904K [0x00000000e0000000, 0x00000000fe680000, 0x0000000100000000)
  eden space 361984K, 0% used [0x00000000e0000000,0x00000000e0000000,0x00000000f6180000)
  from space 60928K, 73% used [0x00000000fa100000,0x00000000fccda3d8,0x00000000fdc80000)
  to   space 65024K, 0% used [0x00000000f6180000,0x00000000f6180000,0x00000000fa100000)
 ParOldGen       total 199680K, used 158723K [0x00000000a0000000, 0x00000000ac300000, 0x00000000e0000000)
  object space 199680K, 79% used [0x00000000a0000000,0x00000000a9b00c60,0x00000000ac300000)
 Metaspace       used 70819K, capacity 72674K, committed 72960K, reserved 1112064K
  class space    used 8977K, capacity 9399K, committed 9472K, reserved 1048576K
}
Event: 78.374 GC heap before
{Heap before GC invocations=47 (full 7):
 PSYoungGen      total 422912K, used 44904K [0x00000000e0000000, 0x00000000fe680000, 0x0000000100000000)
  eden space 361984K, 0% used [0x00000000e0000000,0x00000000e0000000,0x00000000f6180000)
  from space 60928K, 73% used [0x00000000fa100000,0x00000000fccda3d8,0x00000000fdc80000)
  to   space 65024K, 0% used [0x00000000f6180000,0x00000000f6180000,0x00000000fa100000)
 ParOldGen       total 199680K, used 158723K [0x00000000a0000000, 0x00000000ac300000, 0x00000000e0000000)
  object space 199680K, 79% used [0x00000000a0000000,0x00000000a9b00c60,0x00000000ac300000)
 Metaspace       used 70819K, capacity 72674K, committed 72960K, reserved 1112064K
  class space    used 8977K, capacity 9399K, committed 9472K, reserved 1048576K
Event: 79.189 GC heap after
Heap after GC invocations=47 (full 7):
 PSYoungGen      total 422912K, used 0K [0x00000000e0000000, 0x00000000fe680000, 0x0000000100000000)
  eden space 361984K, 0% used [0x00000000e0000000,0x00000000e0000000,0x00000000f6180000)
  from space 60928K, 0% used [0x00000000fa100000,0x00000000fa100000,0x00000000fdc80000)
  to   space 65024K, 0% used [0x00000000f6180000,0x00000000f6180000,0x00000000fa100000)
 ParOldGen       total 199680K, used 161228K [0x00000000a0000000, 0x00000000ac300000, 0x00000000e0000000)
  object space 199680K, 80% used [0x00000000a0000000,0x00000000a9d731c8,0x00000000ac300000)
 Metaspace       used 70819K, capacity 72674K, committed 72960K, reserved 1112064K
  class space    used 8977K, capacity 9399K, committed 9472K, reserved 1048576K
}
Event: 81.187 GC heap before
{Heap before GC invocations=48 (full 8):
 PSYoungGen      total 422912K, used 361984K [0x00000000e0000000, 0x00000000fe680000, 0x0000000100000000)
  eden space 361984K, 100% used [0x00000000e0000000,0x00000000f6180000,0x00000000f6180000)
  from space 60928K, 0% used [0x00000000fa100000,0x00000000fa100000,0x00000000fdc80000)
  to   space 65024K, 0% used [0x00000000f6180000,0x00000000f6180000,0x00000000fa100000)
 ParOldGen       total 199680K, used 161228K [0x00000000a0000000, 0x00000000ac300000, 0x00000000e0000000)
  object space 199680K, 80% used [0x00000000a0000000,0x00000000a9d731c8,0x00000000ac300000)
 Metaspace       used 70831K, capacity 72676K, committed 72960K, reserved 1112064K
  class space    used 8978K, capacity 9400K, committed 9472K, reserved 1048576K
Event: 81.473 GC heap after
Heap after GC invocations=48 (full 8):
 PSYoungGen      total 422912K, used 0K [0x00000000e0000000, 0x00000000fe680000, 0x0000000100000000)
  eden space 361984K, 0% used [0x00000000e0000000,0x00000000e0000000,0x00000000f6180000)
  from space 60928K, 0% used [0x00000000fa100000,0x00000000fa100000,0x00000000fdc80000)
  to   space 65024K, 0% used [0x00000000f6180000,0x00000000f6180000,0x00000000fa100000)
 ParOldGen       total 219648K, used 91333K [0x00000000a0000000, 0x00000000ad680000, 0x00000000e0000000)
  object space 219648K, 41% used [0x00000000a0000000,0x00000000a5931568,0x00000000ad680000)
 Metaspace       used 70831K, capacity 72676K, committed 72960K, reserved 1112064K
  class space    used 8978K, capacity 9400K, committed 9472K, reserved 1048576K
}
Event: 83.917 GC heap before
{Heap before GC invocations=49 (full 8):
 PSYoungGen      total 422912K, used 361603K [0x00000000e0000000, 0x00000000fe680000, 0x0000000100000000)
  eden space 361984K, 99% used [0x00000000e0000000,0x00000000f6120ed0,0x00000000f6180000)
  from space 60928K, 0% used [0x00000000fa100000,0x00000000fa100000,0x00000000fdc80000)
  to   space 65024K, 0% used [0x00000000f6180000,0x00000000f6180000,0x00000000fa100000)
 ParOldGen       total 219648K, used 91333K [0x00000000a0000000, 0x00000000ad680000, 0x00000000e0000000)
  object space 219648K, 41% used [0x00000000a0000000,0x00000000a5931568,0x00000000ad680000)
 Metaspace       used 72347K, capacity 74314K, committed 74752K, reserved 1114112K
  class space    used 9166K, capacity 9601K, committed 9728K, reserved 1048576K
Event: 83.926 GC heap after
Heap after GC invocations=49 (full 8):
 PSYoungGen      total 427008K, used 13878K [0x00000000e0000000, 0x00000000fe680000, 0x0000000100000000)
  eden space 361984K, 0% used [0x00000000e0000000,0x00000000e0000000,0x00000000f6180000)
  from space 65024K, 21% used [0x00000000f6180000,0x00000000f6f0dbe0,0x00000000fa100000)
  to   space 60928K, 0% used [0x00000000fa100000,0x00000000fa100000,0x00000000fdc80000)
 ParOldGen       total 219648K, used 91341K [0x00000000a0000000, 0x00000000ad680000, 0x00000000e0000000)
  object space 219648K, 41% used [0x00000000a0000000,0x00000000a5933568,0x00000000ad680000)
 Metaspace       used 72347K, capacity 74314K, committed 74752K, reserved 1114112K
  class space    used 9166K, capacity 9601K, committed 9728K, reserved 1048576K
}

