# JRE version: OpenJDK Runtime Environment (8.0_76-b03) (build 1.8.0_76-release-b03)
# Java VM: OpenJDK 64-Bit Server VM (25.76-b03 mixed mode windows-amd64 compressed oops)
Heap:
 PSYoungGen      total 442368K, used 296735K [0x00000000e0000000, 0x0000000100000000, 0x0000000100000000)
  eden space 395776K, 63% used [0x00000000e0000000,0x00000000ef4b6738,0x00000000f8280000)
  from space 46592K, 99% used [0x00000000f8280000,0x00000000faf914e0,0x00000000fb000000)
  to   space 68096K, 0% used [0x00000000fbd80000,0x00000000fbd80000,0x0000000100000000)
 ParOldGen       total 175616K, used 126220K [0x00000000a0000000, 0x00000000aab80000, 0x00000000e0000000)
  object space 175616K, 71% used [0x00000000a0000000,0x00000000a7b43218,0x00000000aab80000)
 Metaspace       used 70822K, capacity 72678K, committed 72960K, reserved 1112064K
  class space    used 8979K, capacity 9399K, committed 9472K, reserved 1048576K
GC Heap History (10 events):
Event: 111.354 GC heap before
{Heap before GC invocations=40 (full 5):
 PSYoungGen      total 356864K, used 331059K [0x00000000e0000000, 0x00000000f9980000, 0x0000000100000000)
  eden space 296448K, 100% used [0x00000000e0000000,0x00000000f2180000,0x00000000f2180000)
  from space 60416K, 57% used [0x00000000f5e00000,0x00000000f7fccc18,0x00000000f9900000)
  to   space 61440K, 0% used [0x00000000f2180000,0x00000000f2180000,0x00000000f5d80000)
 ParOldGen       total 183296K, used 125331K [0x00000000a0000000, 0x00000000ab300000, 0x00000000e0000000)
  object space 183296K, 68% used [0x00000000a0000000,0x00000000a7a64d48,0x00000000ab300000)
 Metaspace       used 70761K, capacity 72678K, committed 72960K, reserved 1112064K
  class space    used 8977K, capacity 9399K, committed 9472K, reserved 1048576K
Event: 111.459 GC heap after
Heap after GC invocations=40 (full 5):
 PSYoungGen      total 357888K, used 31618K [0x00000000e0000000, 0x00000000fd880000, 0x0000000100000000)
  eden space 296448K, 0% used [0x00000000e0000000,0x00000000e0000000,0x00000000f2180000)
  from space 61440K, 51% used [0x00000000f2180000,0x00000000f4060aa0,0x00000000f5d80000)
  to   space 61440K, 0% used [0x00000000f9c80000,0x00000000f9c80000,0x00000000fd880000)
 ParOldGen       total 183296K, used 139497K [0x00000000a0000000, 0x00000000ab300000, 0x00000000e0000000)
  object space 183296K, 76% used [0x00000000a0000000,0x00000000a883a708,0x00000000ab300000)
 Metaspace       used 70761K, capacity 72678K, committed 72960K, reserved 1112064K
  class space    used 8977K, capacity 9399K, committed 9472K, reserved 1048576K
}
Event: 111.497 GC heap before
{Heap before GC invocations=41 (full 5):
 PSYoungGen      total 357888K, used 46651K [0x00000000e0000000, 0x00000000fd880000, 0x0000000100000000)
  eden space 296448K, 5% used [0x00000000e0000000,0x00000000e0eae3b0,0x00000000f2180000)
  from space 61440K, 51% used [0x00000000f2180000,0x00000000f4060aa0,0x00000000f5d80000)
  to   space 61440K, 0% used [0x00000000f9c80000,0x00000000f9c80000,0x00000000fd880000)
 ParOldGen       total 183296K, used 139497K [0x00000000a0000000, 0x00000000ab300000, 0x00000000e0000000)
  object space 183296K, 76% used [0x00000000a0000000,0x00000000a883a708,0x00000000ab300000)
 Metaspace       used 70761K, capacity 72678K, committed 72960K, reserved 1112064K
  class space    used 8977K, capacity 9399K, committed 9472K, reserved 1048576K
Event: 111.552 GC heap after
Heap after GC invocations=41 (full 5):
 PSYoungGen      total 422912K, used 2336K [0x00000000e0000000, 0x00000000fdd00000, 0x0000000100000000)
  eden space 361472K, 0% used [0x00000000e0000000,0x00000000e0000000,0x00000000f6100000)
  from space 61440K, 3% used [0x00000000f9c80000,0x00000000f9ec8000,0x00000000fd880000)
  to   space 60928K, 0% used [0x00000000f6100000,0x00000000f6100000,0x00000000f9c80000)
 ParOldGen       total 183296K, used 169326K [0x00000000a0000000, 0x00000000ab300000, 0x00000000e0000000)
  object space 183296K, 92% used [0x00000000a0000000,0x00000000aa55bb60,0x00000000ab300000)
 Metaspace       used 70761K, capacity 72678K, committed 72960K, reserved 1112064K
  class space    used 8977K, capacity 9399K, committed 9472K, reserved 1048576K
}
Event: 111.552 GC heap before
{Heap before GC invocations=42 (full 6):
 PSYoungGen      total 422912K, used 2336K [0x00000000e0000000, 0x00000000fdd00000, 0x0000000100000000)
  eden space 361472K, 0% used [0x00000000e0000000,0x00000000e0000000,0x00000000f6100000)
  from space 61440K, 3% used [0x00000000f9c80000,0x00000000f9ec8000,0x00000000fd880000)
  to   space 60928K, 0% used [0x00000000f6100000,0x00000000f6100000,0x00000000f9c80000)
 ParOldGen       total 183296K, used 169326K [0x00000000a0000000, 0x00000000ab300000, 0x00000000e0000000)
  object space 183296K, 92% used [0x00000000a0000000,0x00000000aa55bb60,0x00000000ab300000)
 Metaspace       used 70761K, capacity 72678K, committed 72960K, reserved 1112064K
  class space    used 8977K, capacity 9399K, committed 9472K, reserved 1048576K
Event: 112.090 GC heap after
Heap after GC invocations=42 (full 6):
 PSYoungGen      total 422912K, used 0K [0x00000000e0000000, 0x00000000fdd00000, 0x0000000100000000)
  eden space 361472K, 0% used [0x00000000e0000000,0x00000000e0000000,0x00000000f6100000)
  from space 61440K, 0% used [0x00000000f9c80000,0x00000000f9c80000,0x00000000fd880000)
  to   space 60928K, 0% used [0x00000000f6100000,0x00000000f6100000,0x00000000f9c80000)
 ParOldGen       total 175616K, used 93217K [0x00000000a0000000, 0x00000000aab80000, 0x00000000e0000000)
  object space 175616K, 53% used [0x00000000a0000000,0x00000000a5b08440,0x00000000aab80000)
 Metaspace       used 70761K, capacity 72678K, committed 72960K, reserved 1112064K
  class space    used 8977K, capacity 9399K, committed 9472K, reserved 1048576K
}
Event: 113.603 GC heap before
{Heap before GC invocations=43 (full 6):
 PSYoungGen      total 422912K, used 361472K [0x00000000e0000000, 0x00000000fdd00000, 0x0000000100000000)
  eden space 361472K, 100% used [0x00000000e0000000,0x00000000f6100000,0x00000000f6100000)
  from space 61440K, 0% used [0x00000000f9c80000,0x00000000f9c80000,0x00000000fd880000)
  to   space 60928K, 0% used [0x00000000f6100000,0x00000000f6100000,0x00000000f9c80000)
 ParOldGen       total 175616K, used 93217K [0x00000000a0000000, 0x00000000aab80000, 0x00000000e0000000)
  object space 175616K, 53% used [0x00000000a0000000,0x00000000a5b08440,0x00000000aab80000)
 Metaspace       used 70782K, capacity 72678K, committed 72960K, reserved 1112064K
  class space    used 8978K, capacity 9399K, committed 9472K, reserved 1048576K
Event: 113.662 GC heap after
Heap after GC invocations=43 (full 6):
 PSYoungGen      total 422400K, used 21442K [0x00000000e0000000, 0x00000000ff880000, 0x0000000100000000)
  eden space 361472K, 0% used [0x00000000e0000000,0x00000000e0000000,0x00000000f6100000)
  from space 60928K, 35% used [0x00000000f6100000,0x00000000f75f0848,0x00000000f9c80000)
  to   space 57344K, 0% used [0x00000000fc080000,0x00000000fc080000,0x00000000ff880000)
 ParOldGen       total 175616K, used 93217K [0x00000000a0000000, 0x00000000aab80000, 0x00000000e0000000)
  object space 175616K, 53% used [0x00000000a0000000,0x00000000a5b08440,0x00000000aab80000)
 Metaspace       used 70782K, capacity 72678K, committed 72960K, reserved 1112064K
  class space    used 8978K, capacity 9399K, committed 9472K, reserved 1048576K
}
Event: 115.201 GC heap before
{Heap before GC invocations=44 (full 6):
 PSYoungGen      total 422400K, used 382914K [0x00000000e0000000, 0x00000000ff880000, 0x0000000100000000)
  eden space 361472K, 100% used [0x00000000e0000000,0x00000000f6100000,0x00000000f6100000)
  from space 60928K, 35% used [0x00000000f6100000,0x00000000f75f0848,0x00000000f9c80000)
  to   space 57344K, 0% used [0x00000000fc080000,0x00000000fc080000,0x00000000ff880000)
 ParOldGen       total 175616K, used 93217K [0x00000000a0000000, 0x00000000aab80000, 0x00000000e0000000)
  object space 175616K, 53% used [0x00000000a0000000,0x00000000a5b08440,0x00000000aab80000)
 Metaspace       used 70807K, capacity 72678K, committed 72960K, reserved 1112064K
  class space    used 8979K, capacity 9399K, committed 9472K, reserved 1048576K
Event: 115.363 GC heap after
Heap after GC invocations=44 (full 6):
 PSYoungGen      total 453120K, used 47386K [0x00000000e0000000, 0x0000000100000000, 0x0000000100000000)
  eden space 395776K, 0% used [0x00000000e0000000,0x00000000e0000000,0x00000000f8280000)
  from space 57344K, 82% used [0x00000000fc080000,0x00000000feec6ad0,0x00000000ff880000)
  to   space 63488K, 0% used [0x00000000f8280000,0x00000000f8280000,0x00000000fc080000)
 ParOldGen       total 175616K, used 102629K [0x00000000a0000000, 0x00000000aab80000, 0x00000000e0000000)
  object space 175616K, 58% used [0x00000000a0000000,0x00000000a6439468,0x00000000aab80000)
 Metaspace       used 70807K, capacity 72678K, committed 72960K, reserved 1112064K
  class space    used 8979K, capacity 9399K, committed 9472K, reserved 1048576K
}

