# JRE version: OpenJDK Runtime Environment (8.0_76-b03) (build 1.8.0_76-release-b03)
# Java VM: OpenJDK 64-Bit Server VM (25.76-b03 mixed mode windows-amd64 compressed oops)
Heap:
 PSYoungGen      total 379392K, used 136753K [0x00000000e0000000, 0x0000000100000000, 0x0000000100000000)
  eden space 378880K, 36% used [0x00000000e0000000,0x00000000e858c4e8,0x00000000f7200000)
  from space 512K, 0% used [0x00000000f7200000,0x00000000f7200000,0x00000000f7280000)
  to   space 73728K, 0% used [0x00000000fb800000,0x00000000fb800000,0x0000000100000000)
 ParOldGen       total 269824K, used 48990K [0x00000000a0000000, 0x00000000b0780000, 0x00000000e0000000)
  object space 269824K, 18% used [0x00000000a0000000,0x00000000a2fd7a78,0x00000000b0780000)
 Metaspace       used 76405K, capacity 78906K, committed 78976K, reserved 1118208K
  class space    used 9584K, capacity 10047K, committed 10112K, reserved 1048576K
GC Heap History (10 events):
Event: 774.253 GC heap before
{Heap before GC invocations=81 (full 9):
 PSYoungGen      total 443904K, used 60396K [0x00000000e0000000, 0x0000000100000000, 0x0000000100000000)
  eden space 380928K, 0% used [0x00000000e0000000,0x00000000e0000000,0x00000000f7400000)
  from space 62976K, 95% used [0x00000000fc280000,0x00000000ffd7b2b0,0x0000000100000000)
  to   space 71680K, 0% used [0x00000000f7400000,0x00000000f7400000,0x00000000fba00000)
 ParOldGen       total 183808K, used 168731K [0x00000000a0000000, 0x00000000ab380000, 0x00000000e0000000)
  object space 183808K, 91% used [0x00000000a0000000,0x00000000aa4c6c70,0x00000000ab380000)
 Metaspace       used 75790K, capacity 77950K, committed 78208K, reserved 1118208K
  class space    used 9538K, capacity 9971K, committed 10112K, reserved 1048576K
Event: 774.977 GC heap after
Heap after GC invocations=81 (full 9):
 PSYoungGen      total 443904K, used 1980K [0x00000000e0000000, 0x0000000100000000, 0x0000000100000000)
  eden space 380928K, 0% used [0x00000000e0000000,0x00000000e0000000,0x00000000f7400000)
  from space 62976K, 3% used [0x00000000fc280000,0x00000000fc46f120,0x0000000100000000)
  to   space 71680K, 0% used [0x00000000f7400000,0x00000000f7400000,0x00000000fba00000)
 ParOldGen       total 269824K, used 183467K [0x00000000a0000000, 0x00000000b0780000, 0x00000000e0000000)
  object space 269824K, 67% used [0x00000000a0000000,0x00000000ab32af00,0x00000000b0780000)
 Metaspace       used 75790K, capacity 77950K, committed 78208K, reserved 1118208K
  class space    used 9538K, capacity 9971K, committed 10112K, reserved 1048576K
}
Event: 777.240 GC heap before
{Heap before GC invocations=82 (full 9):
 PSYoungGen      total 443904K, used 382908K [0x00000000e0000000, 0x0000000100000000, 0x0000000100000000)
  eden space 380928K, 100% used [0x00000000e0000000,0x00000000f7400000,0x00000000f7400000)
  from space 62976K, 3% used [0x00000000fc280000,0x00000000fc46f120,0x0000000100000000)
  to   space 71680K, 0% used [0x00000000f7400000,0x00000000f7400000,0x00000000fba00000)
 ParOldGen       total 269824K, used 183467K [0x00000000a0000000, 0x00000000b0780000, 0x00000000e0000000)
  object space 269824K, 67% used [0x00000000a0000000,0x00000000ab32af00,0x00000000b0780000)
 Metaspace       used 75802K, capacity 77950K, committed 78208K, reserved 1118208K
  class space    used 9538K, capacity 9971K, committed 10112K, reserved 1048576K
Event: 777.443 GC heap after
Heap after GC invocations=82 (full 9):
 PSYoungGen      total 425984K, used 44977K [0x00000000e0000000, 0x0000000100000000, 0x0000000100000000)
  eden space 380928K, 0% used [0x00000000e0000000,0x00000000e0000000,0x00000000f7400000)
  from space 45056K, 99% used [0x00000000f7400000,0x00000000f9fec7f8,0x00000000fa000000)
  to   space 72192K, 0% used [0x00000000fb980000,0x00000000fb980000,0x0000000100000000)
 ParOldGen       total 269824K, used 184179K [0x00000000a0000000, 0x00000000b0780000, 0x00000000e0000000)
  object space 269824K, 68% used [0x00000000a0000000,0x00000000ab3dcf00,0x00000000b0780000)
 Metaspace       used 75802K, capacity 77950K, committed 78208K, reserved 1118208K
  class space    used 9538K, capacity 9971K, committed 10112K, reserved 1048576K
}
Event: 778.887 GC heap before
{Heap before GC invocations=83 (full 9):
 PSYoungGen      total 425984K, used 425154K [0x00000000e0000000, 0x0000000100000000, 0x0000000100000000)
  eden space 380928K, 99% used [0x00000000e0000000,0x00000000f7344338,0x00000000f7400000)
  from space 45056K, 99% used [0x00000000f7400000,0x00000000f9fec7f8,0x00000000fa000000)
  to   space 72192K, 0% used [0x00000000fb980000,0x00000000fb980000,0x0000000100000000)
 ParOldGen       total 269824K, used 184179K [0x00000000a0000000, 0x00000000b0780000, 0x00000000e0000000)
  object space 269824K, 68% used [0x00000000a0000000,0x00000000ab3dcf00,0x00000000b0780000)
 Metaspace       used 75866K, capacity 78020K, committed 78464K, reserved 1118208K
  class space    used 9539K, capacity 9972K, committed 10112K, reserved 1048576K
Event: 778.939 GC heap after
Heap after GC invocations=83 (full 9):
 PSYoungGen      total 451072K, used 8380K [0x00000000e0000000, 0x0000000100000000, 0x0000000100000000)
  eden space 378880K, 0% used [0x00000000e0000000,0x00000000e0000000,0x00000000f7200000)
  from space 72192K, 11% used [0x00000000fb980000,0x00000000fc1af2c0,0x0000000100000000)
  to   space 72704K, 0% used [0x00000000f7200000,0x00000000f7200000,0x00000000fb900000)
 ParOldGen       total 269824K, used 212285K [0x00000000a0000000, 0x00000000b0780000, 0x00000000e0000000)
  object space 269824K, 78% used [0x00000000a0000000,0x00000000acf4f4f0,0x00000000b0780000)
 Metaspace       used 75866K, capacity 78020K, committed 78464K, reserved 1118208K
  class space    used 9539K, capacity 9972K, committed 10112K, reserved 1048576K
}
Event: 779.457 GC heap before
{Heap before GC invocations=84 (full 9):
 PSYoungGen      total 451072K, used 94221K [0x00000000e0000000, 0x0000000100000000, 0x0000000100000000)
  eden space 378880K, 22% used [0x00000000e0000000,0x00000000e53d4158,0x00000000f7200000)
  from space 72192K, 11% used [0x00000000fb980000,0x00000000fc1af2c0,0x0000000100000000)
  to   space 72704K, 0% used [0x00000000f7200000,0x00000000f7200000,0x00000000fb900000)
 ParOldGen       total 269824K, used 212285K [0x00000000a0000000, 0x00000000b0780000, 0x00000000e0000000)
  object space 269824K, 78% used [0x00000000a0000000,0x00000000acf4f4f0,0x00000000b0780000)
 Metaspace       used 75895K, capacity 78026K, committed 78464K, reserved 1118208K
  class space    used 9540K, capacity 9973K, committed 10112K, reserved 1048576K
Event: 779.470 GC heap after
Heap after GC invocations=84 (full 9):
 PSYoungGen      total 379392K, used 160K [0x00000000e0000000, 0x0000000100000000, 0x0000000100000000)
  eden space 378880K, 0% used [0x00000000e0000000,0x00000000e0000000,0x00000000f7200000)
  from space 512K, 31% used [0x00000000f7200000,0x00000000f7228000,0x00000000f7280000)
  to   space 73728K, 0% used [0x00000000fb800000,0x00000000fb800000,0x0000000100000000)
 ParOldGen       total 269824K, used 212341K [0x00000000a0000000, 0x00000000b0780000, 0x00000000e0000000)
  object space 269824K, 78% used [0x00000000a0000000,0x00000000acf5d4f0,0x00000000b0780000)
 Metaspace       used 75895K, capacity 78026K, committed 78464K, reserved 1118208K
  class space    used 9540K, capacity 9973K, committed 10112K, reserved 1048576K
}
Event: 779.470 GC heap before
{Heap before GC invocations=85 (full 10):
 PSYoungGen      total 379392K, used 160K [0x00000000e0000000, 0x0000000100000000, 0x0000000100000000)
  eden space 378880K, 0% used [0x00000000e0000000,0x00000000e0000000,0x00000000f7200000)
  from space 512K, 31% used [0x00000000f7200000,0x00000000f7228000,0x00000000f7280000)
  to   space 73728K, 0% used [0x00000000fb800000,0x00000000fb800000,0x0000000100000000)
 ParOldGen       total 269824K, used 212341K [0x00000000a0000000, 0x00000000b0780000, 0x00000000e0000000)
  object space 269824K, 78% used [0x00000000a0000000,0x00000000acf5d4f0,0x00000000b0780000)
 Metaspace       used 75895K, capacity 78026K, committed 78464K, reserved 1118208K
  class space    used 9540K, capacity 9973K, committed 10112K, reserved 1048576K
Event: 780.912 GC heap after
Heap after GC invocations=85 (full 10):
 PSYoungGen      total 379392K, used 0K [0x00000000e0000000, 0x0000000100000000, 0x0000000100000000)
  eden space 378880K, 0% used [0x00000000e0000000,0x00000000e0000000,0x00000000f7200000)
  from space 512K, 0% used [0x00000000f7200000,0x00000000f7200000,0x00000000f7280000)
  to   space 73728K, 0% used [0x00000000fb800000,0x00000000fb800000,0x0000000100000000)
 ParOldGen       total 269824K, used 48990K [0x00000000a0000000, 0x00000000b0780000, 0x00000000e0000000)
  object space 269824K, 18% used [0x00000000a0000000,0x00000000a2fd7a78,0x00000000b0780000)
 Metaspace       used 75895K, capacity 78026K, committed 78464K, reserved 1118208K
  class space    used 9540K, capacity 9973K, committed 10112K, reserved 1048576K
}

